# JRE version: Java(TM) SE Runtime Environment (8.0_31-b13) (build 1.8.0_31-b13)
# Java VM: Java HotSpot(TM) 64-Bit Server VM (25.31-b07 mixed mode windows-amd64 compressed oops)
Heap:
 PSYoungGen      total 217088K, used 139493K [0x00000000d6180000, 0x00000000e4e00000, 0x0000000100000000)
  eden space 212480K, 65% used [0x00000000d6180000,0x00000000de9b9408,0x00000000e3100000)
  from space 4608K, 0% used [0x00000000e3100000,0x00000000e3100000,0x00000000e3580000)
  to   space 14848K, 0% used [0x00000000e3f80000,0x00000000e3f80000,0x00000000e4e00000)
 ParOldGen       total 91648K, used 20513K [0x0000000082400000, 0x0000000087d80000, 0x00000000d6180000)
  object space 91648K, 22% used [0x0000000082400000,0x0000000083808788,0x0000000087d80000)
 Metaspace       used 53167K, capacity 56810K, committed 56832K, reserved 1097728K
  class space    used 7444K, capacity 8184K, committed 8192K, reserved 1048576K
GC Heap History (10 events):
Event: 547.281 GC heap before
{Heap before GC invocations=23 (full 8):
 PSYoungGen      total 217088K, used 4413K [0x00000000d6180000, 0x00000000e4f00000, 0x0000000100000000)
  eden space 212480K, 0% used [0x00000000d6180000,0x00000000d6180000,0x00000000e3100000)
  from space 4608K, 95% used [0x00000000e3100000,0x00000000e354f6e8,0x00000000e3580000)
  to   space 15360K, 0% used [0x00000000e4000000,0x00000000e4000000,0x00000000e4f00000)
 ParOldGen       total 91648K, used 20568K [0x0000000082400000, 0x0000000087d80000, 0x00000000d6180000)
  object space 91648K, 22% used [0x0000000082400000,0x0000000083816338,0x0000000087d80000)
 Metaspace       used 52551K, capacity 55882K, committed 55936K, reserved 1097728K
  class space    used 7374K, capacity 8031K, committed 8064K, reserved 1048576K
Event: 547.467 GC heap after
Heap after GC invocations=23 (full 8):
 PSYoungGen      total 217088K, used 0K [0x00000000d6180000, 0x00000000e4f00000, 0x0000000100000000)
  eden space 212480K, 0% used [0x00000000d6180000,0x00000000d6180000,0x00000000e3100000)
  from space 4608K, 0% used [0x00000000e3100000,0x00000000e3100000,0x00000000e3580000)
  to   space 15360K, 0% used [0x00000000e4000000,0x00000000e4000000,0x00000000e4f00000)
 ParOldGen       total 91648K, used 20254K [0x0000000082400000, 0x0000000087d80000, 0x00000000d6180000)
  object space 91648K, 22% used [0x0000000082400000,0x00000000837c7b40,0x0000000087d80000)
 Metaspace       used 52549K, capacity 55876K, committed 55936K, reserved 1097728K
  class space    used 7374K, capacity 8029K, committed 8064K, reserved 1048576K
}
Event: 561.226 GC heap before
{Heap before GC invocations=24 (full 8):
 PSYoungGen      total 217088K, used 137120K [0x00000000d6180000, 0x00000000e4f00000, 0x0000000100000000)
  eden space 212480K, 64% used [0x00000000d6180000,0x00000000de7682c0,0x00000000e3100000)
  from space 4608K, 0% used [0x00000000e3100000,0x00000000e3100000,0x00000000e3580000)
  to   space 15360K, 0% used [0x00000000e4000000,0x00000000e4000000,0x00000000e4f00000)
 ParOldGen       total 91648K, used 20254K [0x0000000082400000, 0x0000000087d80000, 0x00000000d6180000)
  object space 91648K, 22% used [0x0000000082400000,0x00000000837c7b40,0x0000000087d80000)
 Metaspace       used 52722K, capacity 56136K, committed 56320K, reserved 1097728K
  class space    used 7391K, capacity 8072K, committed 8192K, reserved 1048576K
Event: 561.230 GC heap after
Heap after GC invocations=24 (full 8):
 PSYoungGen      total 227840K, used 4237K [0x00000000d6180000, 0x00000000e4f00000, 0x0000000100000000)
  eden space 212480K, 0% used [0x00000000d6180000,0x00000000d6180000,0x00000000e3100000)
  from space 15360K, 27% used [0x00000000e4000000,0x00000000e44236d8,0x00000000e4f00000)
  to   space 15360K, 0% used [0x00000000e3100000,0x00000000e3100000,0x00000000e4000000)
 ParOldGen       total 91648K, used 20262K [0x0000000082400000, 0x0000000087d80000, 0x00000000d6180000)
  object space 91648K, 22% used [0x0000000082400000,0x00000000837c9b40,0x0000000087d80000)
 Metaspace       used 52722K, capacity 56136K, committed 56320K, reserved 1097728K
  class space    used 7391K, capacity 8072K, committed 8192K, reserved 1048576K
}
Event: 561.230 GC heap before
{Heap before GC invocations=25 (full 9):
 PSYoungGen      total 227840K, used 4237K [0x00000000d6180000, 0x00000000e4f00000, 0x0000000100000000)
  eden space 212480K, 0% used [0x00000000d6180000,0x00000000d6180000,0x00000000e3100000)
  from space 15360K, 27% used [0x00000000e4000000,0x00000000e44236d8,0x00000000e4f00000)
  to   space 15360K, 0% used [0x00000000e3100000,0x00000000e3100000,0x00000000e4000000)
 ParOldGen       total 91648K, used 20262K [0x0000000082400000, 0x0000000087d80000, 0x00000000d6180000)
  object space 91648K, 22% used [0x0000000082400000,0x00000000837c9b40,0x0000000087d80000)
 Metaspace       used 52722K, capacity 56136K, committed 56320K, reserved 1097728K
  class space    used 7391K, capacity 8072K, committed 8192K, reserved 1048576K
Event: 561.365 GC heap after
Heap after GC invocations=25 (full 9):
 PSYoungGen      total 227840K, used 0K [0x00000000d6180000, 0x00000000e4f00000, 0x0000000100000000)
  eden space 212480K, 0% used [0x00000000d6180000,0x00000000d6180000,0x00000000e3100000)
  from space 15360K, 0% used [0x00000000e4000000,0x00000000e4000000,0x00000000e4f00000)
  to   space 15360K, 0% used [0x00000000e3100000,0x00000000e3100000,0x00000000e4000000)
 ParOldGen       total 91648K, used 20359K [0x0000000082400000, 0x0000000087d80000, 0x00000000d6180000)
  object space 91648K, 22% used [0x0000000082400000,0x00000000837e1dc0,0x0000000087d80000)
 Metaspace       used 52719K, capacity 56130K, committed 56320K, reserved 1097728K
  class space    used 7390K, capacity 8070K, committed 8192K, reserved 1048576K
}
Event: 565.948 GC heap before
{Heap before GC invocations=26 (full 9):
 PSYoungGen      total 227840K, used 137066K [0x00000000d6180000, 0x00000000e4f00000, 0x0000000100000000)
  eden space 212480K, 64% used [0x00000000d6180000,0x00000000de75a978,0x00000000e3100000)
  from space 15360K, 0% used [0x00000000e4000000,0x00000000e4000000,0x00000000e4f00000)
  to   space 15360K, 0% used [0x00000000e3100000,0x00000000e3100000,0x00000000e4000000)
 ParOldGen       total 91648K, used 20359K [0x0000000082400000, 0x0000000087d80000, 0x00000000d6180000)
  object space 91648K, 22% used [0x0000000082400000,0x00000000837e1dc0,0x0000000087d80000)
 Metaspace       used 52995K, capacity 56564K, committed 56832K, reserved 1097728K
  class space    used 7427K, capacity 8146K, committed 8192K, reserved 1048576K
Event: 565.952 GC heap after
Heap after GC invocations=26 (full 9):
 PSYoungGen      total 217088K, used 4253K [0x00000000d6180000, 0x00000000e4e00000, 0x0000000100000000)
  eden space 212480K, 0% used [0x00000000d6180000,0x00000000d6180000,0x00000000e3100000)
  from space 4608K, 92% used [0x00000000e3100000,0x00000000e35276e8,0x00000000e3580000)
  to   space 14848K, 0% used [0x00000000e3f80000,0x00000000e3f80000,0x00000000e4e00000)
 ParOldGen       total 91648K, used 20367K [0x0000000082400000, 0x0000000087d80000, 0x00000000d6180000)
  object space 91648K, 22% used [0x0000000082400000,0x00000000837e3dc0,0x0000000087d80000)
 Metaspace       used 52995K, capacity 56564K, committed 56832K, reserved 1097728K
  class space    used 7427K, capacity 8146K, committed 8192K, reserved 1048576K
}
Event: 565.952 GC heap before
{Heap before GC invocations=27 (full 10):
 PSYoungGen      total 217088K, used 4253K [0x00000000d6180000, 0x00000000e4e00000, 0x0000000100000000)
  eden space 212480K, 0% used [0x00000000d6180000,0x00000000d6180000,0x00000000e3100000)
  from space 4608K, 92% used [0x00000000e3100000,0x00000000e35276e8,0x00000000e3580000)
  to   space 14848K, 0% used [0x00000000e3f80000,0x00000000e3f80000,0x00000000e4e00000)
 ParOldGen       total 91648K, used 20367K [0x0000000082400000, 0x0000000087d80000, 0x00000000d6180000)
  object space 91648K, 22% used [0x0000000082400000,0x00000000837e3dc0,0x0000000087d80000)
 Metaspace       used 52995K, capacity 56564K, committed 56832K, reserved 1097728K
  class space    used 7427K, capacity 8146K, committed 8192K, reserved 1048576K
Event: 566.170 GC heap after
Heap after GC invocations=27 (full 10):
 PSYoungGen      total 217088K, used 0K [0x00000000d6180000, 0x00000000e4e00000, 0x0000000100000000)
  eden space 212480K, 0% used [0x00000000d6180000,0x00000000d6180000,0x00000000e3100000)
  from space 4608K, 0% used [0x00000000e3100000,0x00000000e3100000,0x00000000e3580000)
  to   space 14848K, 0% used [0x00000000e3f80000,0x00000000e3f80000,0x00000000e4e00000)
 ParOldGen       total 91648K, used 20513K [0x0000000082400000, 0x0000000087d80000, 0x00000000d6180000)
  object space 91648K, 22% used [0x0000000082400000,0x0000000083808788,0x0000000087d80000)
 Metaspace       used 52992K, capacity 56558K, committed 56832K, reserved 1097728K
  class space    used 7427K, capacity 8144K, committed 8192K, reserved 1048576K
}

